<?xml version="1.0" encoding="UTF-8"?>
<!-- Generated by org.testng.reporters.JUnitReportReporter -->
<testsuite hostname="DESKTOP-7I80P5L" failures="0" tests="3" name="batchExecution.BuyProductTest" time="0.027" errors="0" timestamp="2024-06-13T10:57:58 IST" skipped="0">
  <testcase classname="batchExecution.BuyProductTest" name="deleteProd" time="0.005"/>
  <system-out/>
  <testcase classname="batchExecution.BuyProductTest" name="addToCart" time="0.015"/>
  <system-out/>
  <testcase classname="batchExecution.BuyProductTest" name="buyProd" time="0.007"/>
  <system-out/>
</testsuite> <!-- batchExecution.BuyProductTest -->
