<?xml version="1.0" encoding="UTF-8"?>
<!-- Generated by org.testng.reporters.JUnitReportReporter -->
<testsuite hostname="DESKTOP-7I80P5L" failures="0" tests="1" name="testCases.DataFormatTest" time="0.088" errors="0" timestamp="2024-06-14T10:22:19 IST" skipped="0">
  <testcase classname="testCases.DataFormatTest" name="date" time="0.088"/>
  <system-out/>
</testsuite> <!-- testCases.DataFormatTest -->
