<?xml version="1.0" encoding="UTF-8"?>
<!-- Generated by org.testng.reporters.JUnitReportReporter -->
<testsuite hostname="DESKTOP-7I80P5L" failures="0" tests="1" name="testCases.LunchTheApplication" time="8.524" errors="0" timestamp="2024-05-23T15:11:25 IST" skipped="0">
  <testcase classname="testCases.LunchTheApplication" name="launchApp" time="8.524"/>
  <system-out/>
</testsuite> <!-- testCases.LunchTheApplication -->
