<?xml version="1.0" encoding="UTF-8"?>
<!-- Generated by org.testng.reporters.JUnitReportReporter -->
<testsuite hostname="DESKTOP-7I80P5L" failures="0" tests="4" name="testCases.InsertDataIntableAndDisplayTheTable" time="5.655" errors="0" timestamp="2024-05-24T15:28:39 IST" skipped="0">
  <testcase classname="testCases.InsertDataIntableAndDisplayTheTable" name="insertDataAndDisplayIt" time="2.466"/>
  <system-out/>
  <testcase classname="testCases.InsertDataIntableAndDisplayTheTable" name="tableData1" time="1.254"/>
  <system-out/>
  <testcase classname="testCases.InsertDataIntableAndDisplayTheTable" name="deleteDataFromTable" time="0.903"/>
  <system-out/>
  <testcase classname="testCases.InsertDataIntableAndDisplayTheTable" name="tableData" time="1.032"/>
  <system-out/>
</testsuite> <!-- testCases.InsertDataIntableAndDisplayTheTable -->
