<?xml version="1.0" encoding="UTF-8"?>
<!-- Generated by org.testng.reporters.JUnitReportReporter -->
<testsuite hostname="DESKTOP-7I80P5L" failures="0" tests="3" name="batchExecution.CreateAccTest" time="0.016" errors="0" timestamp="2024-06-13T10:57:58 IST" skipped="0">
  <testcase classname="batchExecution.CreateAccTest" name="modicyAcc" time="0.004"/>
  <system-out/>
  <testcase classname="batchExecution.CreateAccTest" name="createAcc" time="0.002"/>
  <system-out/>
  <testcase classname="batchExecution.CreateAccTest" name="deleteAcc" time="0.010"/>
  <system-out/>
</testsuite> <!-- batchExecution.CreateAccTest -->
